SmartLocation/build/intermediates/manifest_merge_blame_file/debug/processDebugManifest/manifest-merger-blame-debug-report.txt
1<?xml version="1.0" encoding="utf-8"?>
2<manifest xmlns:android="http://schemas.android.com/apk/res/android"
3    xmlns:tools="http://schemas.android.com/tools"
4    package="io.nlopez.smartlocation" >
5
6    <uses-sdk android:minSdkVersion="14" />
7
8    <uses-permission android:name="android.permission.ACCESS_COARSE_LOCATION" />
8-->src/main/AndroidManifest.xml:5:5-81
8-->src/main/AndroidManifest.xml:5:22-78
9    <uses-permission android:name="android.permission.ACCESS_NETWORK_STATE" />
9-->src/main/AndroidManifest.xml:6:5-79
9-->src/main/AndroidManifest.xml:6:22-76
10    <uses-permission android:name="android.permission.ACCESS_FINE_LOCATION" />
10-->src/main/AndroidManifest.xml:7:5-79
10-->src/main/AndroidManifest.xml:7:22-76
11    <uses-permission android:name="com.google.android.providers.gsf.permission.READ_GSERVICES" />
11-->src/main/AndroidManifest.xml:8:5-98
11-->src/main/AndroidManifest.xml:8:22-95
12    <uses-permission android:name="com.google.android.gms.permission.ACTIVITY_RECOGNITION" />
12-->src/main/AndroidManifest.xml:9:5-94
12-->src/main/AndroidManifest.xml:9:22-91
13
14    <application>
14-->src/main/AndroidManifest.xml:11:5-21:19
15        <service
15-->src/main/AndroidManifest.xml:12:9-14:40
16            android:name="io.nlopez.smartlocation.activity.providers.ActivityGooglePlayServicesProvider$ActivityRecognitionService"
16-->src/main/AndroidManifest.xml:13:13-109
17            android:exported="false" />
17-->src/main/AndroidManifest.xml:14:13-37
18        <service
18-->src/main/AndroidManifest.xml:15:9-17:40
19            android:name="io.nlopez.smartlocation.geofencing.providers.GeofencingGooglePlayServicesProvider$GeofencingService"
19-->src/main/AndroidManifest.xml:16:13-104
20            android:exported="false" />
20-->src/main/AndroidManifest.xml:17:13-37
21        <service
21-->src/main/AndroidManifest.xml:18:9-20:40
22            android:name="io.nlopez.smartlocation.geocoding.providers.AndroidGeocodingProvider$AndroidGeocodingService"
22-->src/main/AndroidManifest.xml:19:13-97
23            android:exported="false" />
23-->src/main/AndroidManifest.xml:20:13-37
24    </application>
25
26</manifest>